2019-03-05 10:27:01.757 +0900 - info: 메모리 로딩 시작. - index.js
2019-03-05 10:27:01.762 +0900 - info: 메모리 로딩 완료. - index.js
2019-03-05 10:27:01.765 +0900 - info: 서버 작동. - index.js
2019-03-05 10:27:12.013 +0900 - info: 공통페이지 진입 - app.js
2019-03-05 10:27:12.014 +0900 - info: 세션 아이디 : undefined
2019-03-05 10:30:42.203 +0900 - info: 메모리 로딩 시작. - index.js
2019-03-05 10:30:42.207 +0900 - info: 메모리 로딩 완료. - index.js
2019-03-05 10:30:42.210 +0900 - info: 서버 작동. - index.js
2019-03-05 10:30:43.276 +0900 - info: 메모리 로딩 시작. - index.js
2019-03-05 10:30:43.280 +0900 - info: 메모리 로딩 완료. - index.js
2019-03-05 10:30:43.283 +0900 - info: 서버 작동. - index.js
2019-03-05 10:30:58.478 +0900 - info: 메모리 로딩 시작. - index.js
2019-03-05 10:30:58.482 +0900 - info: 메모리 로딩 완료. - index.js
2019-03-05 10:30:58.484 +0900 - info: 서버 작동. - index.js
2019-03-05 10:30:59.730 +0900 - info: 메모리 로딩 시작. - index.js
2019-03-05 10:30:59.734 +0900 - info: 메모리 로딩 완료. - index.js
2019-03-05 10:30:59.736 +0900 - info: 서버 작동. - index.js
2019-03-05 10:31:29.156 +0900 - info: 메모리 로딩 시작. - index.js
2019-03-05 10:31:29.160 +0900 - info: 메모리 로딩 완료. - index.js
2019-03-05 10:31:29.163 +0900 - info: 서버 작동. - index.js
2019-03-05 10:31:32.644 +0900 - info: 공통페이지 진입 - app.js
2019-03-05 10:31:32.644 +0900 - info: 세션 아이디 : undefined
2019-03-05 10:32:33.047 +0900 - info: 공통페이지 진입 - app.js
2019-03-05 10:32:33.047 +0900 - info: 세션 아이디 : undefined
2019-03-05 10:32:34.031 +0900 - info: 공통페이지 진입 - app.js
2019-03-05 10:32:34.031 +0900 - info: 세션 아이디 : undefined
2019-03-05 10:32:36.517 +0900 - info: 공통페이지 진입 - app.js
2019-03-05 10:32:36.517 +0900 - info: 세션 아이디 : undefined
2019-03-05 10:32:36.530 +0900 - info: 공통페이지 진입 - app.js
2019-03-05 10:32:36.530 +0900 - info: 세션 아이디 : undefined
2019-03-05 10:34:36.066 +0900 - info: 공통페이지 진입 - app.js
2019-03-05 10:34:36.066 +0900 - info: 세션 아이디 : undefined
2019-03-05 10:34:36.491 +0900 - info: 공통페이지 진입 - app.js
2019-03-05 10:34:36.492 +0900 - info: 세션 아이디 : undefined
2019-03-05 10:34:36.614 +0900 - info: 공통페이지 진입 - app.js
2019-03-05 10:34:36.615 +0900 - info: 세션 아이디 : undefined
2019-03-05 10:34:39.912 +0900 - info: 공통페이지 진입 - app.js
2019-03-05 10:34:39.912 +0900 - info: 세션 아이디 : undefined
2019-03-05 10:34:45.870 +0900 - info: 메모리 로딩 시작. - index.js
2019-03-05 10:34:45.874 +0900 - info: 메모리 로딩 완료. - index.js
2019-03-05 10:34:45.876 +0900 - info: 서버 작동. - index.js
2019-03-05 10:34:48.362 +0900 - info: 공통페이지 진입 - app.js
2019-03-05 10:34:48.363 +0900 - info: 세션 아이디 : undefined
2019-03-05 10:35:07.014 +0900 - info: 공통페이지 진입 - app.js
2019-03-05 10:35:07.014 +0900 - info: 세션 아이디 : undefined
2019-03-05 10:35:07.819 +0900 - info: 공통페이지 진입 - app.js
2019-03-05 10:35:07.819 +0900 - info: 세션 아이디 : undefined
2019-03-05 10:35:08.016 +0900 - info: 공통페이지 진입 - app.js
2019-03-05 10:35:08.017 +0900 - info: 세션 아이디 : undefined
2019-03-05 10:35:08.197 +0900 - info: 공통페이지 진입 - app.js
2019-03-05 10:35:08.197 +0900 - info: 세션 아이디 : undefined
2019-03-05 10:35:08.354 +0900 - info: 공통페이지 진입 - app.js
2019-03-05 10:35:08.355 +0900 - info: 세션 아이디 : undefined
2019-03-05 10:35:08.530 +0900 - info: 공통페이지 진입 - app.js
2019-03-05 10:35:08.530 +0900 - info: 세션 아이디 : undefined
2019-03-05 10:35:54.490 +0900 - info: 공통페이지 진입 - app.js
2019-03-05 10:35:54.490 +0900 - info: 세션 아이디 : undefined
2019-03-05 10:35:55.405 +0900 - info: 공통페이지 진입 - app.js
2019-03-05 10:35:55.405 +0900 - info: 세션 아이디 : undefined
2019-03-05 10:36:05.493 +0900 - info: 공통페이지 진입 - app.js
2019-03-05 10:36:05.493 +0900 - info: 세션 아이디 : undefined
2019-03-05 10:36:05.510 +0900 - info: 공통페이지 진입 - app.js
2019-03-05 10:36:05.511 +0900 - info: 세션 아이디 : undefined
2019-03-05 10:37:09.181 +0900 - info: 공통페이지 진입 - app.js
2019-03-05 10:37:09.181 +0900 - info: 세션 아이디 : undefined
2019-03-05 10:37:09.344 +0900 - info: 공통페이지 진입 - app.js
2019-03-05 10:37:09.344 +0900 - info: 세션 아이디 : undefined
2019-03-05 10:37:09.463 +0900 - info: 공통페이지 진입 - app.js
2019-03-05 10:37:09.464 +0900 - info: 세션 아이디 : undefined
2019-03-05 10:37:14.202 +0900 - info: 공통페이지 진입 - app.js
2019-03-05 10:37:14.203 +0900 - info: 세션 아이디 : undefined
2019-03-05 10:37:15.502 +0900 - info: 공통페이지 진입 - app.js
2019-03-05 10:37:15.503 +0900 - info: 세션 아이디 : undefined
2019-03-05 10:37:33.294 +0900 - info: 공통페이지 진입 - app.js
2019-03-05 10:37:33.294 +0900 - info: 세션 아이디 : undefined
2019-03-05 10:37:34.134 +0900 - info: 공통페이지 진입 - app.js
2019-03-05 10:37:34.134 +0900 - info: 세션 아이디 : undefined
2019-03-05 10:39:20.291 +0900 - info: 공통페이지 진입 - app.js
2019-03-05 10:39:20.292 +0900 - info: 세션 아이디 : undefined
2019-03-05 10:39:20.310 +0900 - info: 공통페이지 진입 - app.js
2019-03-05 10:39:20.310 +0900 - info: 세션 아이디 : undefined
2019-03-05 10:40:30.385 +0900 - info: 메모리 로딩 시작. - index.js
2019-03-05 10:40:30.391 +0900 - info: 메모리 로딩 완료. - index.js
2019-03-05 10:40:30.394 +0900 - info: 서버 작동. - index.js
2019-03-05 10:40:33.374 +0900 - info: 공통페이지 진입 - app.js
2019-03-05 10:40:33.375 +0900 - info: 세션 아이디 : undefined
2019-03-05 10:40:33.945 +0900 - info: 공통페이지 진입 - app.js
2019-03-05 10:40:33.946 +0900 - info: 세션 아이디 : undefined
2019-03-05 10:40:37.131 +0900 - info: 공통페이지 진입 - app.js
2019-03-05 10:40:37.131 +0900 - info: 세션 아이디 : undefined
2019-03-05 10:40:37.277 +0900 - info: 공통페이지 진입 - app.js
2019-03-05 10:40:37.277 +0900 - info: 세션 아이디 : undefined
2019-03-05 10:42:06.700 +0900 - info: 공통페이지 진입 - app.js
2019-03-05 10:42:06.701 +0900 - info: 세션 아이디 : undefined
2019-03-05 10:42:07.596 +0900 - info: 공통페이지 진입 - app.js
2019-03-05 10:42:07.596 +0900 - info: 세션 아이디 : undefined
2019-03-05 10:42:08.110 +0900 - info: 공통페이지 진입 - app.js
2019-03-05 10:42:08.110 +0900 - info: 세션 아이디 : undefined
2019-03-05 10:42:08.787 +0900 - info: 공통페이지 진입 - app.js
2019-03-05 10:42:08.787 +0900 - info: 세션 아이디 : undefined
2019-03-05 10:42:08.998 +0900 - info: 공통페이지 진입 - app.js
2019-03-05 10:42:08.998 +0900 - info: 세션 아이디 : undefined
2019-03-05 10:42:09.234 +0900 - info: 공통페이지 진입 - app.js
2019-03-05 10:42:09.234 +0900 - info: 세션 아이디 : undefined
2019-03-05 10:42:21.029 +0900 - info: 공통페이지 진입 - app.js
2019-03-05 10:42:21.030 +0900 - info: 세션 아이디 : undefined
2019-03-05 10:44:03.143 +0900 - info: 공통페이지 진입 - app.js
2019-03-05 10:44:03.143 +0900 - info: 세션 아이디 : undefined
2019-03-05 10:44:03.364 +0900 - info: 공통페이지 진입 - app.js
2019-03-05 10:44:03.365 +0900 - info: 세션 아이디 : undefined
2019-03-05 10:44:09.801 +0900 - info: 메모리 로딩 시작. - index.js
2019-03-05 10:44:09.806 +0900 - info: 메모리 로딩 완료. - index.js
2019-03-05 10:44:09.809 +0900 - info: 서버 작동. - index.js
2019-03-05 10:44:26.841 +0900 - info: 공통페이지 진입 - app.js
2019-03-05 10:44:26.842 +0900 - info: 세션 아이디 : undefined
2019-03-05 10:44:27.127 +0900 - info: 공통페이지 진입 - app.js
2019-03-05 10:44:27.128 +0900 - info: 세션 아이디 : undefined
2019-03-05 10:45:02.854 +0900 - info: 공통페이지 진입 - app.js
2019-03-05 10:45:02.854 +0900 - info: 세션 아이디 : undefined
2019-03-05 10:45:03.045 +0900 - info: 공통페이지 진입 - app.js
2019-03-05 10:45:03.045 +0900 - info: 세션 아이디 : undefined
2019-03-05 10:45:05.182 +0900 - info: 공통페이지 진입 - app.js
2019-03-05 10:45:05.182 +0900 - info: 세션 아이디 : undefined
2019-03-05 10:45:05.303 +0900 - info: 공통페이지 진입 - app.js
2019-03-05 10:45:05.304 +0900 - info: 세션 아이디 : undefined
2019-03-05 10:45:22.156 +0900 - info: 공통페이지 진입 - app.js
2019-03-05 10:45:22.157 +0900 - info: 세션 아이디 : undefined
2019-03-05 10:45:22.364 +0900 - info: 공통페이지 진입 - app.js
2019-03-05 10:45:22.364 +0900 - info: 세션 아이디 : undefined
2019-03-05 10:45:40.980 +0900 - info: 공통페이지 진입 - app.js
2019-03-05 10:45:40.981 +0900 - info: 세션 아이디 : undefined
2019-03-05 10:45:41.310 +0900 - info: 공통페이지 진입 - app.js
2019-03-05 10:45:41.310 +0900 - info: 세션 아이디 : undefined
2019-03-05 10:46:18.526 +0900 - info: 공통페이지 진입 - app.js
2019-03-05 10:46:18.526 +0900 - info: 세션 아이디 : undefined
2019-03-05 10:46:18.760 +0900 - info: 공통페이지 진입 - app.js
2019-03-05 10:46:18.760 +0900 - info: 세션 아이디 : undefined
2019-03-05 10:46:52.701 +0900 - info: 공통페이지 진입 - app.js
2019-03-05 10:46:52.701 +0900 - info: 세션 아이디 : undefined
2019-03-05 10:46:59.561 +0900 - info: 공통페이지 진입 - app.js
2019-03-05 10:46:59.562 +0900 - info: 세션 아이디 : undefined
2019-03-05 11:07:38.592 +0900 - info: 메모리 로딩 시작. - index.js
2019-03-05 11:07:38.597 +0900 - info: 메모리 로딩 완료. - index.js
2019-03-05 11:07:38.599 +0900 - info: 서버 작동. - index.js
2019-03-05 11:07:43.506 +0900 - info: 메모리 로딩 시작. - index.js
2019-03-05 11:07:43.510 +0900 - info: 메모리 로딩 완료. - index.js
2019-03-05 11:07:43.512 +0900 - info: 서버 작동. - index.js
2019-03-05 11:07:45.414 +0900 - info: 메모리 로딩 시작. - index.js
2019-03-05 11:07:45.418 +0900 - info: 메모리 로딩 완료. - index.js
2019-03-05 11:07:45.420 +0900 - info: 서버 작동. - index.js
2019-03-05 11:07:53.529 +0900 - info: 공통페이지 진입 - app.js
2019-03-05 11:07:53.529 +0900 - info: 세션 아이디 : undefined
2019-03-05 11:08:38.773 +0900 - info: 공통페이지 진입 - app.js
2019-03-05 11:08:38.773 +0900 - info: 세션 아이디 : undefined
2019-03-05 11:09:04.311 +0900 - info: 공통페이지 진입 - app.js
2019-03-05 11:09:04.311 +0900 - info: 세션 아이디 : undefined
2019-03-05 11:11:12.709 +0900 - info: 공통페이지 진입 - app.js
2019-03-05 11:11:12.709 +0900 - info: 세션 아이디 : undefined
2019-03-05 11:11:13.902 +0900 - info: 공통페이지 진입 - app.js
2019-03-05 11:11:13.902 +0900 - info: 세션 아이디 : undefined
